<?xml version="1.0" encoding="UTF-8" ?>
<testsuite tests="3" failures="0" name="io.github.asewhy.conversions.ConversionsTest" time="0.396" errors="0" skipped="0">
  <properties>
[...]
</properties>
  <testcase classname="io.github.asewhy.conversions.ConversionsTest" name="testConversionUtils" time="0.367"/>
  <testcase classname="io.github.asewhy.conversions.ConversionsTest" name="conversionsTest" time="0.024"/>
  <testcase classname="io.github.asewhy.conversions.ConversionsTest" name="conversionMapResponse" time="0.005"/>
</testsuite>